\BOOKMARK [0][-]{chapter.1}{\376\377\000H\000i\000e\000r\000a\000r\000c\000h\000i\000c\000a\000l\000\040\000I\000n\000d\000e\000x}{}% 1
\BOOKMARK [1][-]{section.1.1}{\376\377\000C\000l\000a\000s\000s\000\040\000H\000i\000e\000r\000a\000r\000c\000h\000y}{chapter.1}% 2
\BOOKMARK [0][-]{chapter.2}{\376\377\000C\000l\000a\000s\000s\000\040\000I\000n\000d\000e\000x}{}% 3
\BOOKMARK [1][-]{section.2.1}{\376\377\000C\000l\000a\000s\000s\000\040\000L\000i\000s\000t}{chapter.2}% 4
\BOOKMARK [0][-]{chapter.3}{\376\377\000F\000i\000l\000e\000\040\000I\000n\000d\000e\000x}{}% 5
\BOOKMARK [1][-]{section.3.1}{\376\377\000F\000i\000l\000e\000\040\000L\000i\000s\000t}{chapter.3}% 6
\BOOKMARK [0][-]{chapter.4}{\376\377\000C\000l\000a\000s\000s\000\040\000D\000o\000c\000u\000m\000e\000n\000t\000a\000t\000i\000o\000n}{}% 7
\BOOKMARK [1][-]{section.4.1}{\376\377\000B\000N\000N\000\137\000r\000e\000g\000r\000e\000s\000s\000i\000o\000n\000\040\000C\000l\000a\000s\000s\000\040\000R\000e\000f\000e\000r\000e\000n\000c\000e}{chapter.4}% 8
\BOOKMARK [2][-]{subsection.4.1.1}{\376\377\000C\000o\000n\000s\000t\000r\000u\000c\000t\000o\000r\000\040\000\046\000\040\000D\000e\000s\000t\000r\000u\000c\000t\000o\000r\000\040\000D\000o\000c\000u\000m\000e\000n\000t\000a\000t\000i\000o\000n}{section.4.1}% 9
\BOOKMARK [3][-]{subsubsection.4.1.1.1}{\376\377\000B\000N\000N\000\137\000r\000e\000g\000r\000e\000s\000s\000i\000o\000n}{subsection.4.1.1}% 10
\BOOKMARK [2][-]{subsection.4.1.2}{\376\377\000M\000e\000m\000b\000e\000r\000\040\000F\000u\000n\000c\000t\000i\000o\000n\000\040\000D\000o\000c\000u\000m\000e\000n\000t\000a\000t\000i\000o\000n}{section.4.1}% 11
\BOOKMARK [3][-]{subsubsection.4.1.2.1}{\376\377\000d\000e\000l\000U}{subsection.4.1.2}% 12
\BOOKMARK [3][-]{subsubsection.4.1.2.2}{\376\377\000f}{subsection.4.1.2}% 13
\BOOKMARK [3][-]{subsubsection.4.1.2.3}{\376\377\000F\000D\000d\000e\000l\000U}{subsection.4.1.2}% 14
\BOOKMARK [3][-]{subsubsection.4.1.2.4}{\376\377\000L\000n\000P\000r\000i\000o\000r}{subsection.4.1.2}% 15
\BOOKMARK [3][-]{subsubsection.4.1.2.5}{\376\377\000U}{subsection.4.1.2}% 16
\BOOKMARK [2][-]{subsection.4.1.3}{\376\377\000M\000e\000m\000b\000e\000r\000\040\000D\000a\000t\000a\000\040\000D\000o\000c\000u\000m\000e\000n\000t\000a\000t\000i\000o\000n}{section.4.1}% 17
\BOOKMARK [3][-]{subsubsection.4.1.3.1}{\376\377\000H}{subsection.4.1.3}% 18
\BOOKMARK [3][-]{subsubsection.4.1.3.2}{\376\377\000I}{subsection.4.1.3}% 19
\BOOKMARK [3][-]{subsubsection.4.1.3.3}{\376\377\000N}{subsection.4.1.3}% 20
\BOOKMARK [3][-]{subsubsection.4.1.3.4}{\376\377\000s\000i\000g}{subsection.4.1.3}% 21
\BOOKMARK [3][-]{subsubsection.4.1.3.5}{\376\377\000s\000i\000g\000a}{subsection.4.1.3}% 22
\BOOKMARK [3][-]{subsubsection.4.1.3.6}{\376\377\000s\000i\000g\000b}{subsection.4.1.3}% 23
\BOOKMARK [3][-]{subsubsection.4.1.3.7}{\376\377\000s\000i\000g\000u}{subsection.4.1.3}% 24
\BOOKMARK [3][-]{subsubsection.4.1.3.8}{\376\377\000s\000i\000g\000v}{subsection.4.1.3}% 25
\BOOKMARK [3][-]{subsubsection.4.1.3.9}{\376\377\000t}{subsection.4.1.3}% 26
\BOOKMARK [3][-]{subsubsection.4.1.3.10}{\376\377\000w}{subsection.4.1.3}% 27
\BOOKMARK [3][-]{subsubsection.4.1.3.11}{\376\377\000x}{subsection.4.1.3}% 28
\BOOKMARK [1][-]{section.4.2}{\376\377\000H\000M\000C\000\137\000b\000a\000s\000e\000\040\000C\000l\000a\000s\000s\000\040\000R\000e\000f\000e\000r\000e\000n\000c\000e}{chapter.4}% 29
\BOOKMARK [2][-]{subsection.4.2.1}{\376\377\000C\000o\000n\000s\000t\000r\000u\000c\000t\000o\000r\000\040\000\046\000\040\000D\000e\000s\000t\000r\000u\000c\000t\000o\000r\000\040\000D\000o\000c\000u\000m\000e\000n\000t\000a\000t\000i\000o\000n}{section.4.2}% 30
\BOOKMARK [3][-]{subsubsection.4.2.1.1}{\376\377\000H\000M\000C\000\137\000b\000a\000s\000e}{subsection.4.2.1}% 31
\BOOKMARK [2][-]{subsection.4.2.2}{\376\377\000M\000e\000m\000b\000e\000r\000\040\000F\000u\000n\000c\000t\000i\000o\000n\000\040\000D\000o\000c\000u\000m\000e\000n\000t\000a\000t\000i\000o\000n}{section.4.2}% 32
\BOOKMARK [3][-]{subsubsection.4.2.2.1}{\376\377\000d\000e\000l\000U}{subsection.4.2.2}% 33
\BOOKMARK [3][-]{subsubsection.4.2.2.2}{\376\377\000i\000t}{subsection.4.2.2}% 34
\BOOKMARK [3][-]{subsubsection.4.2.2.3}{\376\377\000U}{subsection.4.2.2}% 35
\BOOKMARK [2][-]{subsection.4.2.3}{\376\377\000M\000e\000m\000b\000e\000r\000\040\000D\000a\000t\000a\000\040\000D\000o\000c\000u\000m\000e\000n\000t\000a\000t\000i\000o\000n}{section.4.2}% 36
\BOOKMARK [3][-]{subsubsection.4.2.3.1}{\376\377\000e\000p\000s}{subsection.4.2.3}% 37
\BOOKMARK [3][-]{subsubsection.4.2.3.2}{\376\377\000L}{subsection.4.2.3}% 38
\BOOKMARK [1][-]{section.4.3}{\376\377\000H\000M\000C\000\137\000d\000i\000s\000t\000\040\000C\000l\000a\000s\000s\000\040\000R\000e\000f\000e\000r\000e\000n\000c\000e}{chapter.4}% 39
\BOOKMARK [2][-]{subsection.4.3.1}{\376\377\000C\000o\000n\000s\000t\000r\000u\000c\000t\000o\000r\000\040\000\046\000\040\000D\000e\000s\000t\000r\000u\000c\000t\000o\000r\000\040\000D\000o\000c\000u\000m\000e\000n\000t\000a\000t\000i\000o\000n}{section.4.3}% 40
\BOOKMARK [3][-]{subsubsection.4.3.1.1}{\376\377\000H\000M\000C\000\137\000d\000i\000s\000t}{subsection.4.3.1}% 41
\BOOKMARK [2][-]{subsection.4.3.2}{\376\377\000M\000e\000m\000b\000e\000r\000\040\000F\000u\000n\000c\000t\000i\000o\000n\000\040\000D\000o\000c\000u\000m\000e\000n\000t\000a\000t\000i\000o\000n}{section.4.3}% 42
\BOOKMARK [3][-]{subsubsection.4.3.2.1}{\376\377\000d\000e\000l\000U}{subsection.4.3.2}% 43
\BOOKMARK [3][-]{subsubsection.4.3.2.2}{\376\377\000U}{subsection.4.3.2}% 44
\BOOKMARK [0][-]{chapter.5}{\376\377\000F\000i\000l\000e\000\040\000D\000o\000c\000u\000m\000e\000n\000t\000a\000t\000i\000o\000n}{}% 45
\BOOKMARK [1][-]{section.5.1}{\376\377\000i\000n\000c\000l\000u\000d\000e\000/\000B\000N\000N\000\137\000r\000e\000g\000r\000e\000s\000s\000i\000o\000n\000.\000h\000\040\000F\000i\000l\000e\000\040\000R\000e\000f\000e\000r\000e\000n\000c\000e}{chapter.5}% 46
\BOOKMARK [1][-]{section.5.2}{\376\377\000i\000n\000c\000l\000u\000d\000e\000/\000H\000M\000C\000\137\000b\000a\000s\000e\000.\000h\000\040\000F\000i\000l\000e\000\040\000R\000e\000f\000e\000r\000e\000n\000c\000e}{chapter.5}% 47
\BOOKMARK [1][-]{section.5.3}{\376\377\000i\000n\000c\000l\000u\000d\000e\000/\000H\000M\000C\000\137\000d\000i\000s\000t\000.\000h\000\040\000F\000i\000l\000e\000\040\000R\000e\000f\000e\000r\000e\000n\000c\000e}{chapter.5}% 48
